<?xml version="1.0" encoding="UTF-8"?>
<!-- Generated by org.testng.reporters.JUnitReportReporter -->
<testsuite hostname="DESKTOP-T7MPPON" failures="0" tests="5" name="TestCases.testcases" time="8.039" errors="0" timestamp="2023-02-21T17:56:21 IST" skipped="0">
  <testcase classname="TestCases.testcases" name="regression" time="0.009"/>
  <system-out/>
  <testcase classname="TestCases.testcases" name="smoke" time="0.001"/>
  <system-out/>
  <testcase classname="TestCases.testcases" name="beforetest" time="7.520"/>
  <system-out/>
  <testcase classname="TestCases.testcases" name="validate" time="0.187"/>
  <system-out/>
  <testcase classname="TestCases.testcases" name="close" time="0.322"/>
  <system-out/>
</testsuite> <!-- TestCases.testcases -->
