<?xml version="1.0" encoding="UTF-8"?>
<!-- Generated by org.testng.reporters.JUnitReportReporter -->
<testsuite hostname="DESKTOP-T7MPPON" failures="0" tests="3" name="TestCases.testcases" time="10.399" errors="0" timestamp="2023-02-11T13:53:54 IST" skipped="0">
  <testcase classname="TestCases.testcases" name="beforetest" time="9.813"/>
  <system-out/>
  <testcase classname="TestCases.testcases" name="validate" time="0.153"/>
  <system-out/>
  <testcase classname="TestCases.testcases" name="close" time="0.433"/>
  <system-out/>
</testsuite> <!-- TestCases.testcases -->
